0 verbose cli /usr/local/bin/node /usr/local/bin/npm
1 info using npm@8.19.4
2 info using node@v16.20.2
3 timing npm:load:whichnode Completed in 1ms
4 timing config:load:defaults Completed in 5ms
5 timing config:load:file:/usr/local/lib/node_modules/npm/npmrc Completed in 34ms
6 timing config:load:builtin Completed in 35ms
7 timing config:load:cli Completed in 5ms
8 timing config:load:env Completed in 1ms
9 timing config:load:file:/Users/abdurasulov.doniyorbek.inbox.ru/Library/Caches/typescript/5.3/.npmrc Completed in 1ms
10 timing config:load:project Completed in 29ms
11 timing config:load:file:/Users/abdurasulov.doniyorbek.inbox.ru/.npmrc Completed in 3ms
12 timing config:load:user Completed in 3ms
13 timing config:load:file:/usr/local/etc/npmrc Completed in 1ms
14 timing config:load:global Completed in 1ms
15 timing config:load:validate Completed in 0ms
16 timing config:load:credentials Completed in 7ms
17 timing config:load:setEnvs Completed in 3ms
18 timing config:load Completed in 91ms
19 timing npm:load:configload Completed in 92ms
20 timing npm:load:mkdirpcache Completed in 2ms
21 timing npm:load:mkdirplogs Completed in 1ms
22 verbose title npm install types-registry@latest
23 verbose argv "install" "--ignore-scripts" "types-registry@latest"
24 timing npm:load:setTitle Completed in 43ms
25 timing config:load:flatten Completed in 8ms
26 timing npm:load:display Completed in 11ms
27 verbose logfile logs-max:10 dir:/Users/abdurasulov.doniyorbek.inbox.ru/.npm/_logs
28 verbose logfile /Users/abdurasulov.doniyorbek.inbox.ru/.npm/_logs/2024-05-17T22_32_20_958Z-debug-0.log
29 timing npm:load:logFile Completed in 17ms
30 timing npm:load:timers Completed in 1ms
31 timing npm:load:configScope Completed in 0ms
32 timing npm:load Completed in 174ms
33 timing arborist:ctor Completed in 2ms
34 silly logfile start cleaning logs, removing 1 files
35 silly logfile done cleaning log files
36 timing idealTree:init Completed in 30ms
37 timing arborist:ctor Completed in 1ms
38 http fetch GET 200 https://registry.npmjs.org/types-registry 303ms (cache revalidated)
39 timing idealTree:userRequests Completed in 327ms
40 silly idealTree buildDeps
41 silly fetch manifest types-registry@0.1.684
42 silly placeDep ROOT types-registry@0.1.684 REPLACE for:  want: 0.1.684
43 timing idealTree:#root Completed in 18ms
44 timing idealTree:node_modules/types-registry Completed in 0ms
45 timing idealTree:buildDeps Completed in 22ms
46 timing idealTree:fixDepFlags Completed in 1ms
47 timing idealTree Completed in 383ms
48 timing reify:loadTrees Completed in 384ms
49 timing reify:diffTrees Completed in 3ms
50 silly reify moves {}
51 timing reify:retireShallow Completed in 3ms
52 timing reify:createSparse Completed in 0ms
53 timing reify:loadBundles Completed in 0ms
54 silly audit bulk request { 'types-registry': [ '0.1.684' ] }
55 timing reify:unpack Completed in 1ms
56 timing reify:unretire Completed in 0ms
57 timing build:queue Completed in 0ms
58 timing build:deps Completed in 1ms
59 timing build Completed in 1ms
60 timing reify:build Completed in 2ms
61 timing reify:trash Completed in 0ms
62 timing reify:save Completed in 11ms
63 http fetch POST 200 https://registry.npmjs.org/-/npm/v1/security/advisories/bulk 264ms
64 timing auditReport:getReport Completed in 268ms
65 silly audit report {}
66 timing auditReport:init Completed in 0ms
67 timing reify:audit Completed in 270ms
68 timing reify Completed in 673ms
69 timing command:install Completed in 685ms
70 verbose exit 0
71 timing npm Completed in 1251ms
72 info ok
